<?xml version="1.0" encoding="UTF-8"?>
<testsuite xmlns:xsi="http://www.w3.org/2001/XMLSchema-instance" xsi:noNamespaceSchemaLocation="https://maven.apache.org/surefire/maven-surefire-plugin/xsd/surefire-test-report-3.0.xsd" version="3.0" name="TileTests" time="0.348" tests="4" errors="0" skipped="0" failures="0">
  <properties>
[...]
</properties>
  <testcase name="bombTests" classname="TileTests" time="0.205"/>
  <testcase name="main" classname="TileTests" time="0.009"/>
  <testcase name="gridTests" classname="TileTests" time="0.008"/>
  <testcase name="colorTest" classname="TileTests" time="0.004"/>
</testsuite>